2025-08-04 22:49:55,942 - INFO - Starting processing from 2900 to 3000
2025-08-04 22:49:55,943 - INFO - Log file: processing_log_2900_20250804_224955.log
2025-08-04 22:49:55,946 - INFO - Processing 2900: TARGETID 39628017596632344 (original index: 2900)
2025-08-04 22:49:55,948 - INFO - File data/fits7411/i/39628017596632344_main_bright_31578_i.fits already exists, 2900 skipping download.
2025-08-04 22:49:57,705 - INFO - Galaxy found at (61.00, 61.00) in image of size 120x120 pixels
2025-08-04 22:49:59,478 - INFO - Successfully completed galaxy size analysis for 39628017596632344
2025-08-04 22:49:59,478 - INFO - Successfully processed galaxy size for 39628017596632344
2025-08-04 22:49:59,478 - INFO - Row 2900 SUCCESS: FITS=True, PanSTARRS=True, Galaxy=True
2025-08-04 22:49:59,479 - INFO - Processing 2901: TARGETID 39628017680516047 (original index: 2901)
2025-08-04 22:49:59,479 - INFO - File data/fits7411/i/39628017680516047_main_dark_31573_i.fits already exists, 2901 skipping download.
2025-08-04 22:49:59,927 - INFO - Galaxy found at (48.00, 48.00) in image of size 96x96 pixels
2025-08-04 22:50:01,489 - INFO - Successfully completed galaxy size analysis for 39628017680516047
2025-08-04 22:50:01,489 - INFO - Successfully processed galaxy size for 39628017680516047
2025-08-04 22:50:01,489 - INFO - Row 2901 SUCCESS: FITS=True, PanSTARRS=True, Galaxy=True
2025-08-04 22:50:01,490 - INFO - Processing 2902: TARGETID 39628017701493909 (original index: 2902)
2025-08-04 22:50:01,490 - INFO - File data/fits7411/i/39628017701493909_main_bright_31914_i.fits already exists, 2902 skipping download.
2025-08-04 22:50:01,958 - INFO - Galaxy found at (49.00, 49.00) in image of size 96x96 pixels
2025-08-04 22:50:03,421 - INFO - Successfully completed galaxy size analysis for 39628017701493909
2025-08-04 22:50:03,421 - INFO - Successfully processed galaxy size for 39628017701493909
2025-08-04 22:50:03,421 - INFO - Row 2902 SUCCESS: FITS=True, PanSTARRS=True, Galaxy=True
2025-08-04 22:50:03,422 - INFO - Processing 2903: TARGETID 39628017709880810 (original index: 2903)
2025-08-04 22:50:03,422 - INFO - File data/fits7411/i/39628017709880810_main_bright_31913_i.fits already exists, 2903 skipping download.
2025-08-04 22:50:03,892 - INFO - Galaxy found at (62.00, 61.00) in image of size 120x120 pixels
2025-08-04 22:50:05,610 - INFO - Successfully completed galaxy size analysis for 39628017709880810
2025-08-04 22:50:05,610 - INFO - Successfully processed galaxy size for 39628017709880810
2025-08-04 22:50:05,611 - INFO - Row 2903 SUCCESS: FITS=True, PanSTARRS=True, Galaxy=True
2025-08-04 22:50:05,611 - INFO - Processing 2904: TARGETID 39628017709880810 (original index: 2904)
2025-08-04 22:50:05,611 - INFO - File data/fits7411/i/39628017709880810_main_dark_31913_i.fits already exists, 2904 skipping download.
2025-08-04 22:50:06,076 - INFO - Galaxy found at (62.00, 61.00) in image of size 120x120 pixels
2025-08-04 22:50:07,800 - INFO - Successfully completed galaxy size analysis for 39628017709880810
2025-08-04 22:50:07,801 - INFO - Successfully processed galaxy size for 39628017709880810
2025-08-04 22:50:07,801 - INFO - Row 2904 SUCCESS: FITS=True, PanSTARRS=True, Galaxy=True
2025-08-04 22:50:07,801 - INFO - Processed 5 items, running garbage collection...
2025-08-04 22:50:07,905 - INFO - Processing 2905: TARGETID 39628018708125619 (original index: 2905)
2025-08-04 22:50:07,907 - INFO - File data/fits7411/i/39628018708125619_main_bright_12367_i.fits already exists, 2905 skipping download.
2025-08-04 22:50:08,377 - INFO - Galaxy found at (61.00, 60.00) in image of size 120x120 pixels
2025-08-04 22:50:10,137 - INFO - Successfully completed galaxy size analysis for 39628018708125619
2025-08-04 22:50:10,137 - INFO - Successfully processed galaxy size for 39628018708125619
2025-08-04 22:50:10,137 - INFO - Row 2905 SUCCESS: FITS=True, PanSTARRS=True, Galaxy=True
2025-08-04 22:50:10,137 - INFO - Processing 2906: TARGETID 39628019286934324 (original index: 2906)
2025-08-04 22:50:10,138 - INFO - File data/fits7411/i/39628019286934324_main_bright_19610_i.fits already exists, 2906 skipping download.
2025-08-04 22:50:10,598 - INFO - Galaxy found at (30.00, 31.00) in image of size 61x61 pixels
2025-08-04 22:50:12,310 - INFO - Successfully completed galaxy size analysis for 39628019286934324
2025-08-04 22:50:12,310 - INFO - Successfully processed galaxy size for 39628019286934324
2025-08-04 22:50:12,310 - INFO - Row 2906 SUCCESS: FITS=True, PanSTARRS=True, Galaxy=True
2025-08-04 22:50:12,311 - INFO - Processing 2907: TARGETID 39628019341459944 (original index: 2907)
2025-08-04 22:50:12,311 - INFO - File data/fits7411/i/39628019341459944_main_dark_19606_i.fits already exists, 2907 skipping download.
2025-08-04 22:50:12,754 - INFO - Galaxy found at (60.00, 60.00) in image of size 120x120 pixels
2025-08-04 22:50:14,114 - INFO - Successfully completed galaxy size analysis for 39628019341459944
2025-08-04 22:50:14,114 - INFO - Successfully processed galaxy size for 39628019341459944
2025-08-04 22:50:14,114 - INFO - Row 2907 SUCCESS: FITS=True, PanSTARRS=True, Galaxy=True
2025-08-04 22:50:14,115 - INFO - Processing 2908: TARGETID 39628019404374275 (original index: 2908)
2025-08-04 22:50:14,115 - INFO - File data/fits7411/i/39628019404374275_main_dark_19561_i.fits already exists, 2908 skipping download.
2025-08-04 22:50:14,586 - INFO - Galaxy found at (60.00, 61.00) in image of size 120x120 pixels
2025-08-04 22:50:16,250 - INFO - Successfully completed galaxy size analysis for 39628019404374275
2025-08-04 22:50:16,251 - INFO - Successfully processed galaxy size for 39628019404374275
2025-08-04 22:50:16,251 - INFO - Row 2908 SUCCESS: FITS=True, PanSTARRS=True, Galaxy=True
2025-08-04 22:50:16,251 - INFO - Processing 2909: TARGETID 39628019597316729 (original index: 2909)
2025-08-04 22:50:16,252 - INFO - File data/fits7411/i/39628019597316729_main_bright_18348_i.fits already exists, 2909 skipping download.
2025-08-04 22:50:16,748 - INFO - Galaxy found at (61.00, 60.00) in image of size 120x120 pixels
2025-08-04 22:50:18,114 - INFO - Successfully completed galaxy size analysis for 39628019597316729
2025-08-04 22:50:18,114 - INFO - Successfully processed galaxy size for 39628019597316729
2025-08-04 22:50:18,115 - INFO - Row 2909 SUCCESS: FITS=True, PanSTARRS=True, Galaxy=True
2025-08-04 22:50:18,115 - INFO - Processed 10 items, running garbage collection...
2025-08-04 22:50:18,360 - INFO - Processing 2910: TARGETID 39628019597316729 (original index: 2910)
2025-08-04 22:50:18,362 - INFO - File data/fits7411/i/39628019597316729_main_dark_18348_i.fits already exists, 2910 skipping download.
2025-08-04 22:50:18,916 - INFO - Galaxy found at (61.00, 60.00) in image of size 120x120 pixels
2025-08-04 22:50:20,325 - INFO - Successfully completed galaxy size analysis for 39628019597316729
2025-08-04 22:50:20,325 - INFO - Successfully processed galaxy size for 39628019597316729
2025-08-04 22:50:20,325 - INFO - Row 2910 SUCCESS: FITS=True, PanSTARRS=True, Galaxy=True
2025-08-04 22:50:20,326 - INFO - Processing 2911: TARGETID 39628019744114116 (original index: 2911)
2025-08-04 22:50:20,327 - INFO - File data/fits7411/i/39628019744114116_main_bright_18282_i.fits already exists, 2911 skipping download.
2025-08-04 22:50:20,800 - INFO - Galaxy found at (61.00, 60.00) in image of size 120x120 pixels
2025-08-04 22:50:22,243 - INFO - Successfully completed galaxy size analysis for 39628019744114116
2025-08-04 22:50:22,243 - INFO - Successfully processed galaxy size for 39628019744114116
2025-08-04 22:50:22,243 - INFO - Row 2911 SUCCESS: FITS=True, PanSTARRS=True, Galaxy=True
2025-08-04 22:50:22,244 - INFO - Processing 2912: TARGETID 39628019773474172 (original index: 2912)
2025-08-04 22:50:22,244 - INFO - File data/fits7411/i/39628019773474172_main_dark_18281_i.fits already exists, 2912 skipping download.
2025-08-04 22:50:22,700 - INFO - Galaxy found at (41.00, 54.00) in image of size 120x120 pixels
2025-08-04 22:50:24,409 - INFO - Successfully completed galaxy size analysis for 39628019773474172
2025-08-04 22:50:24,410 - INFO - Successfully processed galaxy size for 39628019773474172
2025-08-04 22:50:24,410 - INFO - Row 2912 SUCCESS: FITS=True, PanSTARRS=True, Galaxy=True
2025-08-04 22:50:24,410 - INFO - Processing 2913: TARGETID 39628020004164408 (original index: 2913)
2025-08-04 22:50:24,411 - INFO - File data/fits7411/i/39628020004164408_main_dark_165_i.fits already exists, 2913 skipping download.
2025-08-04 22:50:24,944 - INFO - Galaxy found at (30.00, 31.00) in image of size 61x61 pixels
2025-08-04 22:50:26,989 - INFO - Successfully completed galaxy size analysis for 39628020004164408
2025-08-04 22:50:26,989 - INFO - Successfully processed galaxy size for 39628020004164408
2025-08-04 22:50:26,989 - INFO - Row 2913 SUCCESS: FITS=True, PanSTARRS=True, Galaxy=True
2025-08-04 22:50:26,990 - INFO - Processing 2914: TARGETID 39628021400866938 (original index: 2914)
2025-08-04 22:50:26,991 - INFO - File data/fits7411/i/39628021400866938_main_dark_22357_i.fits already exists, 2914 skipping download.
2025-08-04 22:50:27,527 - INFO - Galaxy found at (52.00, 62.00) in image of size 120x120 pixels
2025-08-04 22:50:29,014 - INFO - Successfully completed galaxy size analysis for 39628021400866938
2025-08-04 22:50:29,014 - INFO - Successfully processed galaxy size for 39628021400866938
2025-08-04 22:50:29,015 - INFO - Row 2914 SUCCESS: FITS=True, PanSTARRS=True, Galaxy=True
2025-08-04 22:50:29,015 - INFO - Processed 15 items, running garbage collection...
2025-08-04 22:50:29,290 - INFO - Processing 2915: TARGETID 39628021837072659 (original index: 2915)
2025-08-04 22:50:29,292 - INFO - File data/fits7411/i/39628021837072659_main_bright_27558_i.fits already exists, 2915 skipping download.
2025-08-04 22:50:29,855 - INFO - Galaxy found at (62.00, 60.00) in image of size 120x120 pixels
2025-08-04 22:50:31,591 - INFO - Successfully completed galaxy size analysis for 39628021837072659
2025-08-04 22:50:31,592 - INFO - Successfully processed galaxy size for 39628021837072659
2025-08-04 22:50:31,592 - INFO - Row 2915 SUCCESS: FITS=True, PanSTARRS=True, Galaxy=True
2025-08-04 22:50:31,592 - INFO - Processing 2916: TARGETID 39628021866436427 (original index: 2916)
2025-08-04 22:50:31,593 - INFO - File data/fits7411/i/39628021866436427_main_bright_27557_i.fits already exists, 2916 skipping download.
2025-08-04 22:50:32,061 - INFO - Galaxy found at (60.00, 61.00) in image of size 120x120 pixels
2025-08-04 22:50:33,445 - INFO - Successfully completed galaxy size analysis for 39628021866436427
2025-08-04 22:50:33,445 - INFO - Successfully processed galaxy size for 39628021866436427
2025-08-04 22:50:33,445 - INFO - Row 2916 SUCCESS: FITS=True, PanSTARRS=True, Galaxy=True
2025-08-04 22:50:33,446 - INFO - Processing 2917: TARGETID 39628022646571978 (original index: 2917)
2025-08-04 22:50:33,446 - INFO - File data/fits7411/i/39628022646571978_main_bright_26523_i.fits already exists, 2917 skipping download.
2025-08-04 22:50:33,925 - INFO - Galaxy found at (61.00, 60.00) in image of size 120x120 pixels
2025-08-04 22:50:35,331 - INFO - Successfully completed galaxy size analysis for 39628022646571978
2025-08-04 22:50:35,331 - INFO - Successfully processed galaxy size for 39628022646571978
2025-08-04 22:50:35,332 - INFO - Row 2917 SUCCESS: FITS=True, PanSTARRS=True, Galaxy=True
2025-08-04 22:50:35,332 - INFO - Processing 2918: TARGETID 39628022667546611 (original index: 2918)
2025-08-04 22:50:35,332 - INFO - File data/fits7411/i/39628022667546611_main_dark_26524_i.fits already exists, 2918 skipping download.
2025-08-04 22:50:35,810 - INFO - Galaxy found at (49.00, 48.00) in image of size 96x96 pixels
2025-08-04 22:50:37,478 - INFO - Successfully completed galaxy size analysis for 39628022667546611
2025-08-04 22:50:37,478 - INFO - Successfully processed galaxy size for 39628022667546611
2025-08-04 22:50:37,479 - INFO - Row 2918 SUCCESS: FITS=True, PanSTARRS=True, Galaxy=True
2025-08-04 22:50:37,479 - INFO - Processing 2919: TARGETID 39628022759822294 (original index: 2919)
2025-08-04 22:50:37,479 - INFO - File data/fits7411/i/39628022759822294_main_bright_26476_i.fits already exists, 2919 skipping download.
2025-08-04 22:50:37,967 - INFO - Galaxy found at (60.00, 61.00) in image of size 120x120 pixels
2025-08-04 22:50:39,429 - INFO - Successfully completed galaxy size analysis for 39628022759822294
2025-08-04 22:50:39,430 - INFO - Successfully processed galaxy size for 39628022759822294
2025-08-04 22:50:39,430 - INFO - Row 2919 SUCCESS: FITS=True, PanSTARRS=True, Galaxy=True
2025-08-04 22:50:39,430 - INFO - Processed 20 items, running garbage collection...
2025-08-04 22:50:39,703 - INFO - Processing 2920: TARGETID 39628022797567405 (original index: 2920)
2025-08-04 22:50:39,704 - INFO - File data/fits7411/i/39628022797567405_main_bright_26469_i.fits already exists, 2920 skipping download.
2025-08-04 22:50:40,300 - INFO - Galaxy found at (39.00, 38.00) in image of size 77x77 pixels
2025-08-04 22:50:41,721 - INFO - Successfully completed galaxy size analysis for 39628022797567405
2025-08-04 22:50:41,722 - INFO - Successfully processed galaxy size for 39628022797567405
2025-08-04 22:50:41,722 - INFO - Row 2920 SUCCESS: FITS=True, PanSTARRS=True, Galaxy=True
2025-08-04 22:50:41,722 - INFO - Processing 2921: TARGETID 39628022860481531 (original index: 2921)
2025-08-04 22:50:41,723 - INFO - File data/fits7411/i/39628022860481531_main_bright_26454_i.fits already exists, 2921 skipping download.
2025-08-04 22:50:42,201 - WARNING - Image data/fits7411/i/39628022860481531_main_bright_26454_i.fits contains NaN values after background subtraction.
2025-08-04 22:50:42,209 - INFO - Galaxy found at (60.00, 60.00) in image of size 120x120 pixels
2025-08-04 22:50:43,711 - INFO - Successfully completed galaxy size analysis for 39628022860481531
2025-08-04 22:50:43,711 - INFO - Successfully processed galaxy size for 39628022860481531
2025-08-04 22:50:43,712 - INFO - Row 2921 SUCCESS: FITS=True, PanSTARRS=True, Galaxy=True
2025-08-04 22:50:43,712 - INFO - Processing 2922: TARGETID 39628022919202498 (original index: 2922)
2025-08-04 22:50:43,712 - INFO - File data/fits7411/i/39628022919202498_main_bright_8362_i.fits already exists, 2922 skipping download.
2025-08-04 22:50:44,218 - INFO - Galaxy found at (61.00, 61.00) in image of size 120x120 pixels
2025-08-04 22:50:45,794 - INFO - Successfully completed galaxy size analysis for 39628022919202498
2025-08-04 22:50:45,794 - INFO - Successfully processed galaxy size for 39628022919202498
2025-08-04 22:50:45,794 - INFO - Row 2922 SUCCESS: FITS=True, PanSTARRS=True, Galaxy=True
2025-08-04 22:50:45,795 - INFO - Processing 2923: TARGETID 39628022990504432 (original index: 2923)
2025-08-04 22:50:45,795 - INFO - File data/fits7411/i/39628022990504432_main_dark_8357_i.fits already exists, 2923 skipping download.
2025-08-04 22:50:46,294 - INFO - Galaxy found at (48.00, 48.00) in image of size 96x96 pixels
2025-08-04 22:50:47,723 - INFO - Successfully completed galaxy size analysis for 39628022990504432
2025-08-04 22:50:47,723 - INFO - Successfully processed galaxy size for 39628022990504432
2025-08-04 22:50:47,724 - INFO - Row 2923 SUCCESS: FITS=True, PanSTARRS=True, Galaxy=True
2025-08-04 22:50:47,724 - INFO - Processing 2924: TARGETID 39628023049227628 (original index: 2924)
2025-08-04 22:50:47,724 - INFO - File data/fits7411/i/39628023049227628_main_dark_8342_i.fits already exists, 2924 skipping download.
2025-08-04 22:50:48,189 - INFO - Galaxy found at (61.00, 61.00) in image of size 120x120 pixels
2025-08-04 22:50:49,917 - INFO - Successfully completed galaxy size analysis for 39628023049227628
2025-08-04 22:50:49,918 - INFO - Successfully processed galaxy size for 39628023049227628
2025-08-04 22:50:49,918 - INFO - Row 2924 SUCCESS: FITS=True, PanSTARRS=True, Galaxy=True
2025-08-04 22:50:49,918 - INFO - Processed 25 items, running garbage collection...
2025-08-04 22:50:50,255 - INFO - Processing 2925: TARGETID 39628023263135972 (original index: 2925)
2025-08-04 22:50:50,255 - INFO - File data/fits7411/i/39628023263135972_main_bright_8277_i.fits already exists, 2925 skipping download.
2025-08-04 22:50:50,864 - INFO - Galaxy found at (61.00, 61.00) in image of size 120x120 pixels
2025-08-04 22:50:52,406 - INFO - Successfully completed galaxy size analysis for 39628023263135972
2025-08-04 22:50:52,407 - INFO - Successfully processed galaxy size for 39628023263135972
2025-08-04 22:50:52,407 - INFO - Row 2925 SUCCESS: FITS=True, PanSTARRS=True, Galaxy=True
2025-08-04 22:50:52,407 - INFO - Processing 2926: TARGETID 39628023430912330 (original index: 2926)
2025-08-04 22:50:52,407 - INFO - File data/fits7411/i/39628023430912330_main_dark_31638_i.fits already exists, 2926 skipping download.
2025-08-04 22:50:52,894 - ERROR - Galaxy not found after 5 attempts.
2025-08-04 22:50:52,894 - WARNING - Failed to get galaxy size for 39628023430912330 - function returned None
2025-08-04 22:50:52,895 - INFO - Row 2926 PARTIAL/FAILED: FITS=True, PanSTARRS=True, Galaxy=False
2025-08-04 22:50:52,895 - INFO - Processing 2927: TARGETID 39628023598680008 (original index: 2927)
2025-08-04 22:50:52,895 - INFO - File data/fits7411/i/39628023598680008_main_bright_31580_i.fits already exists, 2927 skipping download.
2025-08-04 22:50:53,379 - INFO - Galaxy found at (39.00, 39.00) in image of size 77x77 pixels
2025-08-04 22:50:55,102 - INFO - Successfully completed galaxy size analysis for 39628023598680008
2025-08-04 22:50:55,102 - INFO - Successfully processed galaxy size for 39628023598680008
2025-08-04 22:50:55,103 - INFO - Row 2927 SUCCESS: FITS=True, PanSTARRS=True, Galaxy=True
2025-08-04 22:50:55,103 - INFO - Processing 2928: TARGETID 39628023682574532 (original index: 2928)
2025-08-04 22:50:55,103 - INFO - File data/fits7411/i/39628023682574532_main_dark_31913_i.fits already exists, 2928 skipping download.
2025-08-04 22:50:55,687 - INFO - Galaxy found at (74.00, 74.00) in image of size 120x120 pixels
2025-08-04 22:50:57,360 - INFO - Successfully completed galaxy size analysis for 39628023682574532
2025-08-04 22:50:57,360 - INFO - Successfully processed galaxy size for 39628023682574532
2025-08-04 22:50:57,360 - INFO - Row 2928 SUCCESS: FITS=True, PanSTARRS=True, Galaxy=True
2025-08-04 22:50:57,361 - INFO - Processing 2929: TARGETID 39628024617899725 (original index: 2929)
2025-08-04 22:50:57,361 - INFO - File data/fits7411/i/39628024617899725_main_bright_12393_i.fits already exists, 2929 skipping download.
2025-08-04 22:50:57,849 - INFO - Galaxy found at (74.00, 52.00) in image of size 120x120 pixels
2025-08-04 22:50:59,338 - INFO - Successfully completed galaxy size analysis for 39628024617899725
2025-08-04 22:50:59,339 - INFO - Successfully processed galaxy size for 39628024617899725
2025-08-04 22:50:59,339 - INFO - Row 2929 SUCCESS: FITS=True, PanSTARRS=True, Galaxy=True
2025-08-04 22:50:59,340 - INFO - Processed 30 items, running garbage collection...
2025-08-04 22:50:59,768 - INFO - Processing 2930: TARGETID 39628024806642577 (original index: 2930)
2025-08-04 22:50:59,769 - INFO - File data/fits7411/i/39628024806642577_main_bright_19372_i.fits already exists, 2930 skipping download.
2025-08-04 22:51:00,332 - INFO - Galaxy found at (48.00, 49.00) in image of size 96x96 pixels
2025-08-04 22:51:01,763 - INFO - Successfully completed galaxy size analysis for 39628024806642577
2025-08-04 22:51:01,763 - INFO - Successfully processed galaxy size for 39628024806642577
2025-08-04 22:51:01,763 - INFO - Row 2930 SUCCESS: FITS=True, PanSTARRS=True, Galaxy=True
2025-08-04 22:51:01,764 - INFO - Processing 2931: TARGETID 39628024911498917 (original index: 2931)
2025-08-04 22:51:01,764 - INFO - File data/fits7411/i/39628024911498917_main_bright_19350_i.fits already exists, 2931 skipping download.
2025-08-04 22:51:02,209 - INFO - Galaxy found at (61.00, 61.00) in image of size 120x120 pixels
2025-08-04 22:51:03,677 - INFO - Successfully completed galaxy size analysis for 39628024911498917
2025-08-04 22:51:03,677 - INFO - Successfully processed galaxy size for 39628024911498917
2025-08-04 22:51:03,677 - INFO - Row 2931 SUCCESS: FITS=True, PanSTARRS=True, Galaxy=True
2025-08-04 22:51:03,677 - INFO - Processing 2932: TARGETID 39628024945052448 (original index: 2932)
2025-08-04 22:51:03,678 - INFO - File data/fits7411/i/39628024945052448_main_bright_19392_i.fits already exists, 2932 skipping download.
2025-08-04 22:51:04,153 - INFO - Galaxy found at (54.00, 50.00) in image of size 120x120 pixels
2025-08-04 22:51:05,642 - INFO - Successfully completed galaxy size analysis for 39628024945052448
2025-08-04 22:51:05,643 - INFO - Successfully processed galaxy size for 39628024945052448
2025-08-04 22:51:05,643 - INFO - Row 2932 SUCCESS: FITS=True, PanSTARRS=True, Galaxy=True
2025-08-04 22:51:05,643 - INFO - Processing 2933: TARGETID 39628024949245230 (original index: 2933)
2025-08-04 22:51:05,644 - INFO - File data/fits7411/i/39628024949245230_main_bright_19392_i.fits already exists, 2933 skipping download.
2025-08-04 22:51:06,126 - INFO - Galaxy found at (25.00, 24.00) in image of size 49x49 pixels
2025-08-04 22:51:07,631 - INFO - Successfully completed galaxy size analysis for 39628024949245230
2025-08-04 22:51:07,631 - INFO - Successfully processed galaxy size for 39628024949245230
2025-08-04 22:51:07,632 - INFO - Row 2933 SUCCESS: FITS=True, PanSTARRS=True, Galaxy=True
2025-08-04 22:51:07,632 - INFO - Processing 2934: TARGETID 39628025125407083 (original index: 2934)
2025-08-04 22:51:07,633 - INFO - File data/fits7411/i/39628025125407083_main_bright_19285_i.fits already exists, 2934 skipping download.
2025-08-04 22:51:08,174 - INFO - Galaxy found at (61.00, 61.00) in image of size 120x120 pixels
2025-08-04 22:51:09,734 - INFO - Successfully completed galaxy size analysis for 39628025125407083
2025-08-04 22:51:09,734 - INFO - Successfully processed galaxy size for 39628025125407083
2025-08-04 22:51:09,735 - INFO - Row 2934 SUCCESS: FITS=True, PanSTARRS=True, Galaxy=True
2025-08-04 22:51:09,735 - INFO - Processed 35 items, running garbage collection...
2025-08-04 22:51:10,170 - INFO - Processing 2935: TARGETID 39628025234457341 (original index: 2935)
2025-08-04 22:51:10,171 - INFO - File data/fits7411/i/39628025234457341_main_bright_19610_i.fits already exists, 2935 skipping download.
2025-08-04 22:51:10,927 - INFO - Galaxy found at (60.00, 60.00) in image of size 120x120 pixels
2025-08-04 22:51:12,501 - INFO - Successfully completed galaxy size analysis for 39628025234457341
2025-08-04 22:51:12,502 - INFO - Successfully processed galaxy size for 39628025234457341
2025-08-04 22:51:12,502 - INFO - Row 2935 SUCCESS: FITS=True, PanSTARRS=True, Galaxy=True
2025-08-04 22:51:12,502 - INFO - Processing 2936: TARGETID 39628025414815659 (original index: 2936)
2025-08-04 22:51:12,502 - INFO - File data/fits7411/i/39628025414815659_main_dark_19568_i.fits already exists, 2936 skipping download.
2025-08-04 22:51:12,973 - INFO - Galaxy found at (60.00, 61.00) in image of size 120x120 pixels
2025-08-04 22:51:14,426 - INFO - Successfully completed galaxy size analysis for 39628025414815659
2025-08-04 22:51:14,426 - INFO - Successfully processed galaxy size for 39628025414815659
2025-08-04 22:51:14,426 - INFO - Row 2936 SUCCESS: FITS=True, PanSTARRS=True, Galaxy=True
2025-08-04 22:51:14,427 - INFO - Processing 2937: TARGETID 39628025427398486 (original index: 2937)
2025-08-04 22:51:14,427 - INFO - File data/fits7411/i/39628025427398486_main_dark_19546_i.fits already exists, 2937 skipping download.
2025-08-04 22:51:14,812 - ERROR - Galaxy not found after 5 attempts.
2025-08-04 22:51:14,813 - WARNING - Failed to get galaxy size for 39628025427398486 - function returned None
2025-08-04 22:51:14,813 - INFO - Row 2937 PARTIAL/FAILED: FITS=True, PanSTARRS=True, Galaxy=False
2025-08-04 22:51:14,814 - INFO - Processing 2938: TARGETID 39628025737773287 (original index: 2938)
2025-08-04 22:51:14,814 - INFO - File data/fits7411/i/39628025737773287_main_dark_18284_i.fits already exists, 2938 skipping download.
2025-08-04 22:51:15,196 - INFO - Galaxy found at (49.00, 49.00) in image of size 96x96 pixels
2025-08-04 22:51:16,574 - INFO - Successfully completed galaxy size analysis for 39628025737773287
2025-08-04 22:51:16,575 - INFO - Successfully processed galaxy size for 39628025737773287
2025-08-04 22:51:16,575 - INFO - Row 2938 SUCCESS: FITS=True, PanSTARRS=True, Galaxy=True
2025-08-04 22:51:16,575 - INFO - Processing 2939: TARGETID 39628027373554542 (original index: 2939)
2025-08-04 22:51:16,575 - INFO - File data/fits7411/i/39628027373554542_main_bright_4608_i.fits already exists, 2939 skipping download.
2025-08-04 22:51:16,964 - WARNING - No Pan-STARRS catalog data found for RA: 124.08337934936746, DEC: 10.10489493480742
2025-08-04 22:51:16,964 - WARNING - No Pan-STARRS data returned for 39628027373554542
2025-08-04 22:51:17,056 - INFO - Galaxy found at (53.00, 62.00) in image of size 120x120 pixels
2025-08-04 22:51:18,445 - INFO - Successfully completed galaxy size analysis for 39628027373554542
2025-08-04 22:51:18,445 - INFO - Successfully processed galaxy size for 39628027373554542
2025-08-04 22:51:18,446 - INFO - Row 2939 SUCCESS: FITS=True, PanSTARRS=False, Galaxy=True
2025-08-04 22:51:18,446 - INFO - Processed 40 items, running garbage collection...
2025-08-04 22:51:18,942 - INFO - Processing 2940: TARGETID 39628027386138653 (original index: 2940)
2025-08-04 22:51:18,943 - INFO - File data/fits7411/i/39628027386138653_main_dark_4267_i.fits already exists, 2940 skipping download.
2025-08-04 22:51:19,605 - INFO - Galaxy found at (62.00, 60.00) in image of size 120x120 pixels
2025-08-04 22:51:20,950 - INFO - Successfully completed galaxy size analysis for 39628027386138653
2025-08-04 22:51:20,950 - INFO - Successfully processed galaxy size for 39628027386138653
2025-08-04 22:51:20,950 - INFO - Row 2940 SUCCESS: FITS=True, PanSTARRS=True, Galaxy=True
2025-08-04 22:51:20,950 - INFO - Processing 2941: TARGETID 39628027549714310 (original index: 2941)
2025-08-04 22:51:20,951 - INFO - File data/fits7411/i/39628027549714310_main_dark_4288_i.fits already exists, 2941 skipping download.
2025-08-04 22:51:21,409 - ERROR - Galaxy not found after 5 attempts.
2025-08-04 22:51:21,410 - WARNING - Failed to get galaxy size for 39628027549714310 - function returned None
2025-08-04 22:51:21,410 - INFO - Row 2941 PARTIAL/FAILED: FITS=True, PanSTARRS=True, Galaxy=False
2025-08-04 22:51:21,410 - INFO - Processing 2942: TARGETID 39628027801374043 (original index: 2942)
2025-08-04 22:51:21,411 - INFO - File data/fits7411/i/39628027801374043_main_bright_27558_i.fits already exists, 2942 skipping download.
2025-08-04 22:51:21,903 - INFO - Galaxy found at (61.00, 60.00) in image of size 120x120 pixels
2025-08-04 22:51:23,546 - INFO - Successfully completed galaxy size analysis for 39628027801374043
2025-08-04 22:51:23,546 - INFO - Successfully processed galaxy size for 39628027801374043
2025-08-04 22:51:23,546 - INFO - Row 2942 SUCCESS: FITS=True, PanSTARRS=True, Galaxy=True
2025-08-04 22:51:23,546 - INFO - Processing 2943: TARGETID 39628027834927498 (original index: 2943)
2025-08-04 22:51:23,547 - INFO - File data/fits7411/i/39628027834927498_main_bright_27568_i.fits already exists, 2943 skipping download.
2025-08-04 22:51:24,042 - INFO - Galaxy found at (49.00, 49.00) in image of size 96x96 pixels
2025-08-04 22:51:25,414 - INFO - Successfully completed galaxy size analysis for 39628027834927498
2025-08-04 22:51:25,414 - INFO - Successfully processed galaxy size for 39628027834927498
2025-08-04 22:51:25,415 - INFO - Row 2943 SUCCESS: FITS=True, PanSTARRS=True, Galaxy=True
2025-08-04 22:51:25,415 - INFO - Processing 2944: TARGETID 39628027872677871 (original index: 2944)
2025-08-04 22:51:25,415 - INFO - File data/fits7411/i/39628027872677871_main_bright_27548_i.fits already exists, 2944 skipping download.
2025-08-04 22:51:25,902 - INFO - Galaxy found at (60.00, 60.00) in image of size 120x120 pixels
2025-08-04 22:51:27,291 - INFO - Successfully completed galaxy size analysis for 39628027872677871
2025-08-04 22:51:27,291 - INFO - Successfully processed galaxy size for 39628027872677871
2025-08-04 22:51:27,291 - INFO - Row 2944 SUCCESS: FITS=True, PanSTARRS=True, Galaxy=True
2025-08-04 22:51:27,292 - INFO - Processed 45 items, running garbage collection...
2025-08-04 22:51:27,803 - INFO - Processing 2945: TARGETID 39628027923008561 (original index: 2945)
2025-08-04 22:51:27,804 - INFO - File data/fits7411/i/39628027923008561_sv1_bright_27584_i.fits already exists, 2945 skipping download.
2025-08-04 22:51:28,451 - INFO - Galaxy found at (60.00, 60.00) in image of size 120x120 pixels
2025-08-04 22:51:29,812 - INFO - Successfully completed galaxy size analysis for 39628027923008561
2025-08-04 22:51:29,812 - INFO - Successfully processed galaxy size for 39628027923008561
2025-08-04 22:51:29,812 - INFO - Row 2945 SUCCESS: FITS=True, PanSTARRS=True, Galaxy=True
2025-08-04 22:51:29,813 - INFO - Processing 2946: TARGETID 39628028032057548 (original index: 2946)
2025-08-04 22:51:29,813 - INFO - File data/fits7411/i/39628028032057548_main_bright_27482_i.fits already exists, 2946 skipping download.
2025-08-04 22:51:30,294 - INFO - Galaxy found at (61.00, 60.00) in image of size 120x120 pixels
2025-08-04 22:51:31,838 - INFO - Successfully completed galaxy size analysis for 39628028032057548
2025-08-04 22:51:31,838 - INFO - Successfully processed galaxy size for 39628028032057548
2025-08-04 22:51:31,838 - INFO - Row 2946 SUCCESS: FITS=True, PanSTARRS=True, Galaxy=True
2025-08-04 22:51:31,838 - INFO - Processing 2947: TARGETID 39628028296302475 (original index: 2947)
2025-08-04 22:51:31,839 - INFO - File data/fits7411/i/39628028296302475_main_dark_27840_i.fits already exists, 2947 skipping download.
2025-08-04 22:51:32,204 - WARNING - No Pan-STARRS catalog data found for RA: 179.9297016515779, DEC: 9.997869484485486
2025-08-04 22:51:32,204 - WARNING - No Pan-STARRS data returned for 39628028296302475
2025-08-04 22:51:32,289 - INFO - Galaxy found at (56.00, 58.00) in image of size 120x120 pixels
2025-08-04 22:51:33,717 - INFO - Successfully completed galaxy size analysis for 39628028296302475
2025-08-04 22:51:33,717 - INFO - Successfully processed galaxy size for 39628028296302475
2025-08-04 22:51:33,717 - INFO - Row 2947 SUCCESS: FITS=True, PanSTARRS=False, Galaxy=True
2025-08-04 22:51:33,718 - INFO - Processing 2948: TARGETID 39628028719924860 (original index: 2948)
2025-08-04 22:51:33,718 - INFO - File data/fits7411/i/39628028719924860_main_bright_26476_i.fits already exists, 2948 skipping download.
2025-08-04 22:51:34,287 - INFO - Galaxy found at (61.00, 61.00) in image of size 120x120 pixels
2025-08-04 22:51:35,633 - INFO - Successfully completed galaxy size analysis for 39628028719924860
2025-08-04 22:51:35,633 - INFO - Successfully processed galaxy size for 39628028719924860
2025-08-04 22:51:35,634 - INFO - Row 2948 SUCCESS: FITS=True, PanSTARRS=True, Galaxy=True
2025-08-04 22:51:35,634 - INFO - Processing 2949: TARGETID 39628028719924860 (original index: 2949)
2025-08-04 22:51:35,634 - INFO - File data/fits7411/i/39628028719924860_main_dark_26476_i.fits already exists, 2949 skipping download.
2025-08-04 22:51:36,092 - INFO - Galaxy found at (61.00, 61.00) in image of size 120x120 pixels
2025-08-04 22:51:37,467 - INFO - Successfully completed galaxy size analysis for 39628028719924860
2025-08-04 22:51:37,467 - INFO - Successfully processed galaxy size for 39628028719924860
2025-08-04 22:51:37,468 - INFO - Row 2949 SUCCESS: FITS=True, PanSTARRS=True, Galaxy=True
2025-08-04 22:51:37,468 - INFO - Processed 50 items, running garbage collection...
2025-08-04 22:51:38,068 - INFO - Processing 2950: TARGETID 39628028745089693 (original index: 2950)
2025-08-04 22:51:38,068 - INFO - File data/fits7411/i/39628028745089693_main_bright_26471_i.fits already exists, 2950 skipping download.
2025-08-04 22:51:38,782 - INFO - Galaxy found at (61.00, 60.00) in image of size 120x120 pixels
2025-08-04 22:51:40,239 - INFO - Successfully completed galaxy size analysis for 39628028745089693
2025-08-04 22:51:40,239 - INFO - Successfully processed galaxy size for 39628028745089693
2025-08-04 22:51:40,240 - INFO - Row 2950 SUCCESS: FITS=True, PanSTARRS=True, Galaxy=True
2025-08-04 22:51:40,240 - INFO - Processing 2951: TARGETID 39628028870922946 (original index: 2951)
2025-08-04 22:51:40,240 - INFO - File data/fits7411/i/39628028870922946_main_bright_8363_i.fits already exists, 2951 skipping download.
2025-08-04 22:51:40,728 - INFO - Galaxy found at (48.00, 48.00) in image of size 96x96 pixels
2025-08-04 22:51:42,107 - INFO - Successfully completed galaxy size analysis for 39628028870922946
2025-08-04 22:51:42,108 - INFO - Successfully processed galaxy size for 39628028870922946
2025-08-04 22:51:42,108 - INFO - Row 2951 SUCCESS: FITS=True, PanSTARRS=True, Galaxy=True
2025-08-04 22:51:42,108 - INFO - Processing 2952: TARGETID 39628029160330664 (original index: 2952)
2025-08-04 22:51:42,108 - INFO - File data/fits7411/i/39628029160330664_main_bright_8283_i.fits already exists, 2952 skipping download.
2025-08-04 22:51:42,686 - INFO - Galaxy found at (60.00, 60.00) in image of size 120x120 pixels
2025-08-04 22:51:44,418 - INFO - Successfully completed galaxy size analysis for 39628029160330664
2025-08-04 22:51:44,418 - INFO - Successfully processed galaxy size for 39628029160330664
2025-08-04 22:51:44,418 - INFO - Row 2952 SUCCESS: FITS=True, PanSTARRS=True, Galaxy=True
2025-08-04 22:51:44,419 - INFO - Processing 2953: TARGETID 39628029198078958 (original index: 2953)
2025-08-04 22:51:44,419 - INFO - File data/fits7411/i/39628029198078958_main_dark_8279_i.fits already exists, 2953 skipping download.
2025-08-04 22:51:44,795 - INFO - Galaxy found at (61.00, 61.00) in image of size 120x120 pixels
2025-08-04 22:51:46,064 - INFO - Successfully completed galaxy size analysis for 39628029198078958
2025-08-04 22:51:46,065 - INFO - Successfully processed galaxy size for 39628029198078958
2025-08-04 22:51:46,065 - INFO - Row 2953 SUCCESS: FITS=True, PanSTARRS=True, Galaxy=True
2025-08-04 22:51:46,065 - INFO - Processing 2954: TARGETID 39628029219048553 (original index: 2954)
2025-08-04 22:51:46,066 - INFO - File data/fits7411/i/39628029219048553_main_bright_8277_i.fits already exists, 2954 skipping download.
2025-08-04 22:51:46,582 - INFO - Galaxy found at (60.00, 60.00) in image of size 120x120 pixels
2025-08-04 22:51:48,158 - INFO - Successfully completed galaxy size analysis for 39628029219048553
2025-08-04 22:51:48,159 - INFO - Successfully processed galaxy size for 39628029219048553
2025-08-04 22:51:48,159 - INFO - Row 2954 SUCCESS: FITS=True, PanSTARRS=True, Galaxy=True
2025-08-04 22:51:48,159 - INFO - Processed 55 items, running garbage collection...
2025-08-04 22:51:48,800 - INFO - Processing 2955: TARGETID 39628029240017580 (original index: 2955)
2025-08-04 22:51:48,800 - INFO - File data/fits7411/i/39628029240017580_main_bright_31658_i.fits already exists, 2955 skipping download.
2025-08-04 22:51:49,450 - INFO - Galaxy found at (60.00, 60.00) in image of size 120x120 pixels
2025-08-04 22:51:50,984 - INFO - Successfully completed galaxy size analysis for 39628029240017580
2025-08-04 22:51:50,984 - INFO - Successfully processed galaxy size for 39628029240017580
2025-08-04 22:51:50,984 - INFO - Row 2955 SUCCESS: FITS=True, PanSTARRS=True, Galaxy=True
2025-08-04 22:51:50,985 - INFO - Processing 2956: TARGETID 39628029244215035 (original index: 2956)
2025-08-04 22:51:50,985 - INFO - File data/fits7411/i/39628029244215035_main_bright_31658_i.fits already exists, 2956 skipping download.
2025-08-04 22:51:51,464 - INFO - Galaxy found at (61.00, 60.00) in image of size 120x120 pixels
2025-08-04 22:51:53,005 - INFO - Successfully completed galaxy size analysis for 39628029244215035
2025-08-04 22:51:53,006 - INFO - Successfully processed galaxy size for 39628029244215035
2025-08-04 22:51:53,006 - INFO - Row 2956 SUCCESS: FITS=True, PanSTARRS=True, Galaxy=True
2025-08-04 22:51:53,006 - INFO - Processing 2957: TARGETID 39628029248409710 (original index: 2957)
2025-08-04 22:51:53,006 - INFO - File data/fits7411/i/39628029248409710_main_bright_31659_i.fits already exists, 2957 skipping download.
2025-08-04 22:51:53,534 - INFO - Galaxy found at (61.00, 61.00) in image of size 120x120 pixels
2025-08-04 22:51:54,896 - INFO - Successfully completed galaxy size analysis for 39628029248409710
2025-08-04 22:51:54,896 - INFO - Successfully processed galaxy size for 39628029248409710
2025-08-04 22:51:54,897 - INFO - Row 2957 SUCCESS: FITS=True, PanSTARRS=True, Galaxy=True
2025-08-04 22:51:54,897 - INFO - Processing 2958: TARGETID 39628029248409710 (original index: 2958)
2025-08-04 22:51:54,897 - INFO - File data/fits7411/i/39628029248409710_main_dark_31659_i.fits already exists, 2958 skipping download.
2025-08-04 22:51:55,373 - INFO - Galaxy found at (61.00, 61.00) in image of size 120x120 pixels
2025-08-04 22:51:56,693 - INFO - Successfully completed galaxy size analysis for 39628029248409710
2025-08-04 22:51:56,693 - INFO - Successfully processed galaxy size for 39628029248409710
2025-08-04 22:51:56,693 - INFO - Row 2958 SUCCESS: FITS=True, PanSTARRS=True, Galaxy=True
2025-08-04 22:51:56,694 - INFO - Processing 2959: TARGETID 39628029382628979 (original index: 2959)
2025-08-04 22:51:56,695 - INFO - File data/fits7411/i/39628029382628979_main_dark_31639_i.fits already exists, 2959 skipping download.
2025-08-04 22:51:57,240 - ERROR - Galaxy not found after 5 attempts.
2025-08-04 22:51:57,241 - WARNING - Failed to get galaxy size for 39628029382628979 - function returned None
2025-08-04 22:51:57,241 - INFO - Row 2959 PARTIAL/FAILED: FITS=True, PanSTARRS=True, Galaxy=False
2025-08-04 22:51:57,241 - INFO - Processed 60 items, running garbage collection...
2025-08-04 22:51:57,943 - INFO - Processing 2960: TARGETID 39628029508452842 (original index: 2960)
2025-08-04 22:51:57,944 - INFO - File data/fits7411/i/39628029508452842_main_bright_31600_i.fits already exists, 2960 skipping download.
2025-08-04 22:51:58,517 - INFO - Galaxy found at (31.00, 30.00) in image of size 61x61 pixels
2025-08-04 22:52:00,105 - INFO - Successfully completed galaxy size analysis for 39628029508452842
2025-08-04 22:52:00,105 - INFO - Successfully processed galaxy size for 39628029508452842
2025-08-04 22:52:00,106 - INFO - Row 2960 SUCCESS: FITS=True, PanSTARRS=True, Galaxy=True
2025-08-04 22:52:00,106 - INFO - Processing 2961: TARGETID 39628029537813764 (original index: 2961)
2025-08-04 22:52:00,107 - INFO - File data/fits7411/i/39628029537813764_main_bright_31579_i.fits already exists, 2961 skipping download.
2025-08-04 22:52:00,541 - INFO - Galaxy found at (61.00, 61.00) in image of size 120x120 pixels
2025-08-04 22:52:02,398 - INFO - Successfully completed galaxy size analysis for 39628029537813764
2025-08-04 22:52:02,398 - INFO - Successfully processed galaxy size for 39628029537813764
2025-08-04 22:52:02,398 - INFO - Row 2961 SUCCESS: FITS=True, PanSTARRS=True, Galaxy=True
2025-08-04 22:52:02,398 - INFO - Processing 2962: TARGETID 39628029542009182 (original index: 2962)
2025-08-04 22:52:02,399 - INFO - File data/fits7411/i/39628029542009182_main_dark_31577_i.fits already exists, 2962 skipping download.
2025-08-04 22:52:02,827 - WARNING - Image data/fits7411/i/39628029542009182_main_dark_31577_i.fits contains NaN values after background subtraction.
2025-08-04 22:52:02,840 - INFO - Galaxy found at (49.00, 48.00) in image of size 96x96 pixels
2025-08-04 22:52:04,503 - INFO - Successfully completed galaxy size analysis for 39628029542009182
2025-08-04 22:52:04,504 - INFO - Successfully processed galaxy size for 39628029542009182
2025-08-04 22:52:04,504 - INFO - Row 2962 SUCCESS: FITS=True, PanSTARRS=True, Galaxy=True
2025-08-04 22:52:04,504 - INFO - Processing 2963: TARGETID 39628029625895233 (original index: 2963)
2025-08-04 22:52:04,505 - INFO - File data/fits7411/i/39628029625895233_main_bright_31915_i.fits already exists, 2963 skipping download.
2025-08-04 22:52:04,983 - INFO - Galaxy found at (52.00, 75.00) in image of size 120x120 pixels
2025-08-04 22:52:06,587 - INFO - Successfully completed galaxy size analysis for 39628029625895233
2025-08-04 22:52:06,587 - INFO - Successfully processed galaxy size for 39628029625895233
2025-08-04 22:52:06,588 - INFO - Row 2963 SUCCESS: FITS=True, PanSTARRS=True, Galaxy=True
2025-08-04 22:52:06,588 - INFO - Processing 2964: TARGETID 39628030573810866 (original index: 2964)
2025-08-04 22:52:06,588 - INFO - File data/fits7411/i/39628030573810866_main_bright_12396_i.fits already exists, 2964 skipping download.
2025-08-04 22:52:07,052 - INFO - Galaxy found at (60.00, 60.00) in image of size 120x120 pixels
2025-08-04 22:52:08,671 - INFO - Successfully completed galaxy size analysis for 39628030573810866
2025-08-04 22:52:08,672 - INFO - Successfully processed galaxy size for 39628030573810866
2025-08-04 22:52:08,672 - INFO - Row 2964 SUCCESS: FITS=True, PanSTARRS=True, Galaxy=True
2025-08-04 22:52:08,672 - INFO - Processed 65 items, running garbage collection...
2025-08-04 22:52:09,417 - INFO - Processing 2965: TARGETID 39628030749967132 (original index: 2965)
2025-08-04 22:52:09,418 - INFO - File data/fits7411/i/39628030749967132_main_bright_19371_i.fits already exists, 2965 skipping download.
2025-08-04 22:52:10,075 - WARNING - Image data/fits7411/i/39628030749967132_main_bright_19371_i.fits contains NaN values after background subtraction.
2025-08-04 22:52:10,083 - INFO - Galaxy found at (61.00, 60.00) in image of size 120x120 pixels
2025-08-04 22:52:11,778 - INFO - Successfully completed galaxy size analysis for 39628030749967132
2025-08-04 22:52:11,778 - INFO - Successfully processed galaxy size for 39628030749967132
2025-08-04 22:52:11,778 - INFO - Row 2965 SUCCESS: FITS=True, PanSTARRS=True, Galaxy=True
2025-08-04 22:52:11,779 - INFO - Processing 2966: TARGETID 39628030766743749 (original index: 2966)
2025-08-04 22:52:11,779 - INFO - File data/fits7411/i/39628030766743749_main_bright_19372_i.fits already exists, 2966 skipping download.
2025-08-04 22:52:12,290 - INFO - Galaxy found at (61.00, 61.00) in image of size 120x120 pixels
2025-08-04 22:52:13,804 - INFO - Successfully completed galaxy size analysis for 39628030766743749
2025-08-04 22:52:13,804 - INFO - Successfully processed galaxy size for 39628030766743749
2025-08-04 22:52:13,805 - INFO - Row 2966 SUCCESS: FITS=True, PanSTARRS=True, Galaxy=True
2025-08-04 22:52:13,805 - INFO - Processing 2967: TARGETID 39628031127459537 (original index: 2967)
2025-08-04 22:52:13,806 - INFO - File data/fits7411/i/39628031127459537_main_bright_19625_i.fits already exists, 2967 skipping download.
2025-08-04 22:52:14,264 - INFO - Galaxy found at (31.00, 30.00) in image of size 61x61 pixels
2025-08-04 22:52:15,719 - INFO - Successfully completed galaxy size analysis for 39628031127459537
2025-08-04 22:52:15,720 - INFO - Successfully processed galaxy size for 39628031127459537
2025-08-04 22:52:15,720 - INFO - Row 2967 SUCCESS: FITS=True, PanSTARRS=True, Galaxy=True
2025-08-04 22:52:15,720 - INFO - Processing 2968: TARGETID 39628031349753435 (original index: 2968)
2025-08-04 22:52:15,721 - INFO - File data/fits7411/i/39628031349753435_sv1_bright_19559_i.fits already exists, 2968 skipping download.
2025-08-04 22:52:16,167 - INFO - Galaxy found at (60.00, 62.00) in image of size 120x120 pixels
2025-08-04 22:52:17,506 - INFO - Successfully completed galaxy size analysis for 39628031349753435
2025-08-04 22:52:17,506 - INFO - Successfully processed galaxy size for 39628031349753435
2025-08-04 22:52:17,506 - INFO - Row 2968 SUCCESS: FITS=True, PanSTARRS=True, Galaxy=True
2025-08-04 22:52:17,507 - INFO - Processing 2969: TARGETID 39628031353947429 (original index: 2969)
2025-08-04 22:52:17,507 - INFO - File data/fits7411/i/39628031353947429_sv1_bright_19559_i.fits already exists, 2969 skipping download.
2025-08-04 22:52:17,963 - ERROR - Galaxy not found after 5 attempts.
2025-08-04 22:52:17,963 - WARNING - Failed to get galaxy size for 39628031353947429 - function returned None
2025-08-04 22:52:17,963 - INFO - Row 2969 PARTIAL/FAILED: FITS=True, PanSTARRS=True, Galaxy=False
2025-08-04 22:52:17,964 - INFO - Processed 70 items, running garbage collection...
2025-08-04 22:52:18,816 - INFO - Processing 2970: TARGETID 39628031358142456 (original index: 2970)
2025-08-04 22:52:18,817 - INFO - File data/fits7411/i/39628031358142456_sv1_bright_19570_i.fits already exists, 2970 skipping download.
2025-08-04 22:52:19,481 - INFO - Galaxy found at (61.00, 60.00) in image of size 120x120 pixels
2025-08-04 22:52:20,802 - INFO - Successfully completed galaxy size analysis for 39628031358142456
2025-08-04 22:52:20,802 - INFO - Successfully processed galaxy size for 39628031358142456
2025-08-04 22:52:20,803 - INFO - Row 2970 SUCCESS: FITS=True, PanSTARRS=True, Galaxy=True
2025-08-04 22:52:20,803 - INFO - Processing 2971: TARGETID 39628031681103700 (original index: 2971)
2025-08-04 22:52:20,803 - INFO - File data/fits7411/i/39628031681103700_main_bright_18283_i.fits already exists, 2971 skipping download.
2025-08-04 22:52:21,268 - INFO - Galaxy found at (62.00, 62.00) in image of size 120x120 pixels
2025-08-04 22:52:22,669 - INFO - Successfully completed galaxy size analysis for 39628031681103700
2025-08-04 22:52:22,669 - INFO - Successfully processed galaxy size for 39628031681103700
2025-08-04 22:52:22,670 - INFO - Row 2971 SUCCESS: FITS=True, PanSTARRS=True, Galaxy=True
2025-08-04 22:52:22,670 - INFO - Processing 2972: TARGETID 39628031907598054 (original index: 2972)
2025-08-04 22:52:22,670 - INFO - File data/fits7411/i/39628031907598054_main_dark_167_i.fits already exists, 2972 skipping download.
2025-08-04 22:52:23,150 - INFO - Galaxy found at (31.00, 30.00) in image of size 61x61 pixels
2025-08-04 22:52:24,525 - INFO - Successfully completed galaxy size analysis for 39628031907598054
2025-08-04 22:52:24,525 - INFO - Successfully processed galaxy size for 39628031907598054
2025-08-04 22:52:24,525 - INFO - Row 2972 SUCCESS: FITS=True, PanSTARRS=True, Galaxy=True
2025-08-04 22:52:24,526 - INFO - Processing 2973: TARGETID 39628033316883172 (original index: 2973)
2025-08-04 22:52:24,526 - INFO - File data/fits7411/i/39628033316883172_main_bright_4608_i.fits already exists, 2973 skipping download.
2025-08-04 22:52:25,086 - INFO - Galaxy found at (48.00, 48.00) in image of size 96x96 pixels
2025-08-04 22:52:26,593 - INFO - Successfully completed galaxy size analysis for 39628033316883172
2025-08-04 22:52:26,594 - INFO - Successfully processed galaxy size for 39628033316883172
2025-08-04 22:52:26,594 - INFO - Row 2973 SUCCESS: FITS=True, PanSTARRS=True, Galaxy=True
2025-08-04 22:52:26,594 - INFO - Processing 2974: TARGETID 39628033476268099 (original index: 2974)
2025-08-04 22:52:26,595 - INFO - File data/fits7411/i/39628033476268099_main_dark_4247_i.fits already exists, 2974 skipping download.
2025-08-04 22:52:27,040 - INFO - Galaxy found at (61.00, 60.00) in image of size 120x120 pixels
2025-08-04 22:52:28,436 - INFO - Successfully completed galaxy size analysis for 39628033476268099
2025-08-04 22:52:28,436 - INFO - Successfully processed galaxy size for 39628033476268099
2025-08-04 22:52:28,436 - INFO - Row 2974 SUCCESS: FITS=True, PanSTARRS=True, Galaxy=True
2025-08-04 22:52:28,437 - INFO - Processed 75 items, running garbage collection...
2025-08-04 22:52:29,329 - INFO - Processing 2975: TARGETID 39628033484655219 (original index: 2975)
2025-08-04 22:52:29,331 - INFO - File data/fits7411/i/39628033484655219_sv1_bright_4247_i.fits already exists, 2975 skipping download.
2025-08-04 22:52:29,964 - WARNING - Image data/fits7411/i/39628033484655219_sv1_bright_4247_i.fits contains NaN values after background subtraction.
2025-08-04 22:52:29,991 - ERROR - Galaxy not found after 5 attempts.
2025-08-04 22:52:29,992 - WARNING - Failed to get galaxy size for 39628033484655219 - function returned None
2025-08-04 22:52:29,992 - INFO - Row 2975 PARTIAL/FAILED: FITS=True, PanSTARRS=True, Galaxy=False
2025-08-04 22:52:29,992 - INFO - Processing 2976: TARGETID 39628033971195711 (original index: 2976)
2025-08-04 22:52:29,993 - INFO - File data/fits7411/i/39628033971195711_main_bright_27504_i.fits already exists, 2976 skipping download.
2025-08-04 22:52:30,447 - INFO - Galaxy found at (49.00, 49.00) in image of size 96x96 pixels
2025-08-04 22:52:31,891 - INFO - Successfully completed galaxy size analysis for 39628033971195711
2025-08-04 22:52:31,891 - INFO - Successfully processed galaxy size for 39628033971195711
2025-08-04 22:52:31,892 - INFO - Row 2976 SUCCESS: FITS=True, PanSTARRS=True, Galaxy=True
2025-08-04 22:52:31,892 - INFO - Processing 2977: TARGETID 39628033983774865 (original index: 2977)
2025-08-04 22:52:31,892 - INFO - File data/fits7411/i/39628033983774865_main_bright_27504_i.fits already exists, 2977 skipping download.
2025-08-04 22:52:32,352 - INFO - Galaxy found at (61.00, 60.00) in image of size 120x120 pixels
2025-08-04 22:52:33,624 - INFO - Successfully completed galaxy size analysis for 39628033983774865
2025-08-04 22:52:33,624 - INFO - Successfully processed galaxy size for 39628033983774865
2025-08-04 22:52:33,624 - INFO - Row 2977 SUCCESS: FITS=True, PanSTARRS=True, Galaxy=True
2025-08-04 22:52:33,625 - INFO - Processing 2978: TARGETID 39628034734556046 (original index: 2978)
2025-08-04 22:52:33,625 - INFO - File data/fits7411/i/39628034734556046_main_bright_26459_i.fits already exists, 2978 skipping download.
2025-08-04 22:52:34,088 - INFO - Galaxy found at (61.00, 60.00) in image of size 120x120 pixels
2025-08-04 22:52:35,519 - INFO - Successfully completed galaxy size analysis for 39628034734556046
2025-08-04 22:52:35,519 - INFO - Successfully processed galaxy size for 39628034734556046
2025-08-04 22:52:35,520 - INFO - Row 2978 SUCCESS: FITS=True, PanSTARRS=True, Galaxy=True
2025-08-04 22:52:35,520 - INFO - Processing 2979: TARGETID 39628034742947379 (original index: 2979)
2025-08-04 22:52:35,520 - INFO - File data/fits7411/i/39628034742947379_main_bright_26459_i.fits already exists, 2979 skipping download.
2025-08-04 22:52:35,981 - INFO - Galaxy found at (60.00, 61.00) in image of size 120x120 pixels
2025-08-04 22:52:37,392 - INFO - Successfully completed galaxy size analysis for 39628034742947379
2025-08-04 22:52:37,393 - INFO - Successfully processed galaxy size for 39628034742947379
2025-08-04 22:52:37,393 - INFO - Row 2979 SUCCESS: FITS=True, PanSTARRS=True, Galaxy=True
2025-08-04 22:52:37,393 - INFO - Processed 80 items, running garbage collection...
2025-08-04 22:52:38,300 - INFO - Processing 2980: TARGETID 39628034831025036 (original index: 2980)
2025-08-04 22:52:38,301 - INFO - File data/fits7411/i/39628034831025036_main_bright_8363_i.fits already exists, 2980 skipping download.
2025-08-04 22:52:38,980 - INFO - Galaxy found at (48.00, 48.00) in image of size 96x96 pixels
2025-08-04 22:52:40,603 - INFO - Successfully completed galaxy size analysis for 39628034831025036
2025-08-04 22:52:40,603 - INFO - Successfully processed galaxy size for 39628034831025036
2025-08-04 22:52:40,604 - INFO - Row 2980 SUCCESS: FITS=True, PanSTARRS=True, Galaxy=True
2025-08-04 22:52:40,604 - INFO - Processing 2981: TARGETID 39628035011384679 (original index: 2981)
2025-08-04 22:52:40,604 - INFO - File data/fits7411/i/39628035011384679_main_bright_8299_i.fits already exists, 2981 skipping download.
2025-08-04 22:52:41,072 - INFO - Galaxy found at (60.00, 61.00) in image of size 120x120 pixels
2025-08-04 22:52:42,535 - INFO - Successfully completed galaxy size analysis for 39628035011384679
2025-08-04 22:52:42,535 - INFO - Successfully processed galaxy size for 39628035011384679
2025-08-04 22:52:42,535 - INFO - Row 2981 SUCCESS: FITS=True, PanSTARRS=True, Galaxy=True
2025-08-04 22:52:42,536 - INFO - Processing 2982: TARGETID 39628035074296360 (original index: 2982)
2025-08-04 22:52:42,536 - INFO - File data/fits7411/i/39628035074296360_main_bright_8295_i.fits already exists, 2982 skipping download.
2025-08-04 22:52:43,118 - INFO - Galaxy found at (60.00, 60.00) in image of size 120x120 pixels
2025-08-04 22:52:44,780 - INFO - Successfully completed galaxy size analysis for 39628035074296360
2025-08-04 22:52:44,780 - INFO - Successfully processed galaxy size for 39628035074296360
2025-08-04 22:52:44,781 - INFO - Row 2982 SUCCESS: FITS=True, PanSTARRS=True, Galaxy=True
2025-08-04 22:52:44,781 - INFO - Processing 2983: TARGETID 39628035103655146 (original index: 2983)
2025-08-04 22:52:44,781 - INFO - File data/fits7411/i/39628035103655146_main_bright_8283_i.fits already exists, 2983 skipping download.
2025-08-04 22:52:45,260 - INFO - Galaxy found at (30.00, 31.00) in image of size 61x61 pixels
2025-08-04 22:52:46,638 - INFO - Successfully completed galaxy size analysis for 39628035103655146
2025-08-04 22:52:46,638 - INFO - Successfully processed galaxy size for 39628035103655146
2025-08-04 22:52:46,639 - INFO - Row 2983 SUCCESS: FITS=True, PanSTARRS=True, Galaxy=True
2025-08-04 22:52:46,639 - INFO - Processing 2984: TARGETID 39628035145600333 (original index: 2984)
2025-08-04 22:52:46,639 - INFO - File data/fits7411/i/39628035145600333_main_bright_8279_i.fits already exists, 2984 skipping download.
2025-08-04 22:52:47,085 - INFO - Galaxy found at (60.00, 78.00) in image of size 120x120 pixels
2025-08-04 22:52:48,688 - INFO - Successfully completed galaxy size analysis for 39628035145600333
2025-08-04 22:52:48,689 - INFO - Successfully processed galaxy size for 39628035145600333
2025-08-04 22:52:48,689 - INFO - Row 2984 SUCCESS: FITS=True, PanSTARRS=True, Galaxy=True
2025-08-04 22:52:48,689 - INFO - Processed 85 items, running garbage collection...
2025-08-04 22:52:49,877 - INFO - Processing 2985: TARGETID 39628035191734595 (original index: 2985)
2025-08-04 22:52:49,877 - INFO - File data/fits7411/i/39628035191734595_main_bright_8448_i.fits already exists, 2985 skipping download.
2025-08-04 22:52:50,533 - INFO - Galaxy found at (60.00, 61.00) in image of size 120x120 pixels
2025-08-04 22:52:52,051 - INFO - Successfully completed galaxy size analysis for 39628035191734595
2025-08-04 22:52:52,052 - INFO - Successfully processed galaxy size for 39628035191734595
2025-08-04 22:52:52,052 - INFO - Row 2985 SUCCESS: FITS=True, PanSTARRS=True, Galaxy=True
2025-08-04 22:52:52,052 - INFO - Processing 2986: TARGETID 39628035191734595 (original index: 2986)
2025-08-04 22:52:52,053 - INFO - File data/fits7411/i/39628035191734595_main_dark_8448_i.fits already exists, 2986 skipping download.
2025-08-04 22:52:52,506 - INFO - Galaxy found at (60.00, 61.00) in image of size 120x120 pixels
2025-08-04 22:52:53,902 - INFO - Successfully completed galaxy size analysis for 39628035191734595
2025-08-04 22:52:53,902 - INFO - Successfully processed galaxy size for 39628035191734595
2025-08-04 22:52:53,903 - INFO - Row 2986 SUCCESS: FITS=True, PanSTARRS=True, Galaxy=True
2025-08-04 22:52:53,903 - INFO - Processing 2987: TARGETID 39628035216900239 (original index: 2987)
2025-08-04 22:52:53,904 - INFO - File data/fits7411/i/39628035216900239_main_dark_31662_i.fits already exists, 2987 skipping download.
2025-08-04 22:52:54,254 - WARNING - No Pan-STARRS catalog data found for RA: 238.39651209287976, DEC: 10.2332260820845
2025-08-04 22:52:54,254 - WARNING - No Pan-STARRS data returned for 39628035216900239
2025-08-04 22:52:54,344 - INFO - Galaxy found at (56.00, 56.00) in image of size 120x120 pixels
2025-08-04 22:52:55,959 - INFO - Successfully completed galaxy size analysis for 39628035216900239
2025-08-04 22:52:55,960 - INFO - Successfully processed galaxy size for 39628035216900239
2025-08-04 22:52:55,960 - INFO - Row 2987 SUCCESS: FITS=True, PanSTARRS=False, Galaxy=True
2025-08-04 22:52:55,961 - INFO - Processing 2988: TARGETID 39628035493727057 (original index: 2988)
2025-08-04 22:52:55,961 - INFO - File data/fits7411/i/39628035493727057_main_bright_31580_i.fits already exists, 2988 skipping download.
2025-08-04 22:52:56,412 - INFO - Galaxy found at (61.00, 60.00) in image of size 120x120 pixels
2025-08-04 22:52:58,293 - INFO - Successfully completed galaxy size analysis for 39628035493727057
2025-08-04 22:52:58,293 - INFO - Successfully processed galaxy size for 39628035493727057
2025-08-04 22:52:58,294 - INFO - Row 2988 SUCCESS: FITS=True, PanSTARRS=True, Galaxy=True
2025-08-04 22:52:58,294 - INFO - Processing 2989: TARGETID 39628037016260698 (original index: 2989)
2025-08-04 22:52:58,294 - INFO - File data/fits7411/i/39628037016260698_main_bright_19287_i.fits already exists, 2989 skipping download.
2025-08-04 22:52:58,742 - WARNING - Image data/fits7411/i/39628037016260698_main_bright_19287_i.fits contains NaN values after background subtraction.
2025-08-04 22:52:58,766 - INFO - Galaxy found at (31.00, 31.00) in image of size 61x61 pixels
2025-08-04 22:53:00,197 - INFO - Successfully completed galaxy size analysis for 39628037016260698
2025-08-04 22:53:00,201 - INFO - Successfully processed galaxy size for 39628037016260698
2025-08-04 22:53:00,202 - INFO - Row 2989 SUCCESS: FITS=True, PanSTARRS=True, Galaxy=True
2025-08-04 22:53:00,202 - INFO - Processed 90 items, running garbage collection...
2025-08-04 22:53:01,531 - INFO - Processing 2990: TARGETID 39628037280500981 (original index: 2990)
2025-08-04 22:53:01,532 - INFO - File data/fits7411/i/39628037280500981_sv1_bright_19565_i.fits already exists, 2990 skipping download.
2025-08-04 22:53:02,181 - INFO - Galaxy found at (60.00, 61.00) in image of size 120x120 pixels
2025-08-04 22:53:03,679 - INFO - Successfully completed galaxy size analysis for 39628037280500981
2025-08-04 22:53:03,680 - INFO - Successfully processed galaxy size for 39628037280500981
2025-08-04 22:53:03,680 - INFO - Row 2990 SUCCESS: FITS=True, PanSTARRS=True, Galaxy=True
2025-08-04 22:53:03,680 - INFO - Processing 2991: TARGETID 39628037297278983 (original index: 2991)
2025-08-04 22:53:03,681 - INFO - File data/fits7411/i/39628037297278983_main_dark_19559_i.fits already exists, 2991 skipping download.
2025-08-04 22:53:04,146 - INFO - Galaxy found at (61.00, 61.00) in image of size 120x120 pixels
2025-08-04 22:53:05,472 - INFO - Successfully completed galaxy size analysis for 39628037297278983
2025-08-04 22:53:05,472 - INFO - Successfully processed galaxy size for 39628037297278983
2025-08-04 22:53:05,473 - INFO - Row 2991 SUCCESS: FITS=True, PanSTARRS=True, Galaxy=True
2025-08-04 22:53:05,473 - INFO - Processing 2992: TARGETID 39628037368581741 (original index: 2992)
2025-08-04 22:53:05,473 - INFO - File data/fits7411/i/39628037368581741_main_dark_19549_i.fits already exists, 2992 skipping download.
2025-08-04 22:53:06,033 - INFO - Galaxy found at (61.00, 60.00) in image of size 120x120 pixels
2025-08-04 22:53:07,420 - INFO - Successfully completed galaxy size analysis for 39628037368581741
2025-08-04 22:53:07,421 - INFO - Successfully processed galaxy size for 39628037368581741
2025-08-04 22:53:07,421 - INFO - Row 2992 SUCCESS: FITS=True, PanSTARRS=True, Galaxy=True
2025-08-04 22:53:07,421 - INFO - Processing 2993: TARGETID 39628037599266094 (original index: 2993)
2025-08-04 22:53:07,422 - INFO - File data/fits7411/i/39628037599266094_main_bright_18368_i.fits already exists, 2993 skipping download.
2025-08-04 22:53:07,891 - INFO - Galaxy found at (61.00, 61.00) in image of size 120x120 pixels
2025-08-04 22:53:09,492 - INFO - Successfully completed galaxy size analysis for 39628037599266094
2025-08-04 22:53:09,492 - INFO - Successfully processed galaxy size for 39628037599266094
2025-08-04 22:53:09,493 - INFO - Row 2993 SUCCESS: FITS=True, PanSTARRS=True, Galaxy=True
2025-08-04 22:53:09,493 - INFO - Processing 2994: TARGETID 39628037599266094 (original index: 2994)
2025-08-04 22:53:09,493 - INFO - File data/fits7411/i/39628037599266094_main_dark_18368_i.fits already exists, 2994 skipping download.
2025-08-04 22:53:10,021 - INFO - Galaxy found at (61.00, 61.00) in image of size 120x120 pixels
2025-08-04 22:53:11,456 - INFO - Successfully completed galaxy size analysis for 39628037599266094
2025-08-04 22:53:11,456 - INFO - Successfully processed galaxy size for 39628037599266094
2025-08-04 22:53:11,457 - INFO - Row 2994 SUCCESS: FITS=True, PanSTARRS=True, Galaxy=True
2025-08-04 22:53:11,457 - INFO - Processed 95 items, running garbage collection...
2025-08-04 22:53:12,806 - INFO - Processing 2995: TARGETID 39628037662182183 (original index: 2995)
2025-08-04 22:53:12,807 - INFO - File data/fits7411/i/39628037662182183_main_dark_18279_i.fits already exists, 2995 skipping download.
2025-08-04 22:53:13,685 - INFO - Galaxy found at (49.00, 48.00) in image of size 96x96 pixels
2025-08-04 22:53:15,380 - INFO - Successfully completed galaxy size analysis for 39628037662182183
2025-08-04 22:53:15,381 - INFO - Successfully processed galaxy size for 39628037662182183
2025-08-04 22:53:15,381 - INFO - Row 2995 SUCCESS: FITS=True, PanSTARRS=True, Galaxy=True
2025-08-04 22:53:15,382 - INFO - Processing 2996: TARGETID 39628037800593753 (original index: 2996)
2025-08-04 22:53:15,382 - INFO - File data/fits7411/i/39628037800593753_main_dark_171_i.fits already exists, 2996 skipping download.
2025-08-04 22:53:15,848 - INFO - Galaxy found at (62.00, 61.00) in image of size 120x120 pixels
2025-08-04 22:53:17,261 - INFO - Successfully completed galaxy size analysis for 39628037800593753
2025-08-04 22:53:17,263 - INFO - Successfully processed galaxy size for 39628037800593753
2025-08-04 22:53:17,263 - INFO - Row 2996 SUCCESS: FITS=True, PanSTARRS=True, Galaxy=True
2025-08-04 22:53:17,264 - INFO - Processing 2997: TARGETID 39628037892868261 (original index: 2997)
2025-08-04 22:53:17,265 - INFO - File data/fits7411/i/39628037892868261_main_dark_177_i.fits already exists, 2997 skipping download.
2025-08-04 22:53:17,740 - INFO - Galaxy found at (50.00, 49.00) in image of size 96x96 pixels
2025-08-04 22:53:19,604 - INFO - Successfully completed galaxy size analysis for 39628037892868261
2025-08-04 22:53:19,605 - INFO - Successfully processed galaxy size for 39628037892868261
2025-08-04 22:53:19,605 - INFO - Row 2997 SUCCESS: FITS=True, PanSTARRS=True, Galaxy=True
2025-08-04 22:53:19,605 - INFO - Processing 2998: TARGETID 39628039235043398 (original index: 2998)
2025-08-04 22:53:19,606 - INFO - File data/fits7411/i/39628039235043398_main_bright_22365_i.fits already exists, 2998 skipping download.
2025-08-04 22:53:20,068 - INFO - Galaxy found at (81.00, 60.00) in image of size 120x120 pixels
2025-08-04 22:53:21,609 - INFO - Successfully completed galaxy size analysis for 39628039235043398
2025-08-04 22:53:21,610 - INFO - Successfully processed galaxy size for 39628039235043398
2025-08-04 22:53:21,610 - INFO - Row 2998 SUCCESS: FITS=True, PanSTARRS=True, Galaxy=True
2025-08-04 22:53:21,610 - INFO - Processing 2999: TARGETID 39628039235043398 (original index: 2999)
2025-08-04 22:53:21,611 - INFO - File data/fits7411/i/39628039235043398_main_dark_22365_i.fits already exists, 2999 skipping download.
2025-08-04 22:53:22,078 - INFO - Galaxy found at (81.00, 60.00) in image of size 120x120 pixels
2025-08-04 22:53:23,710 - INFO - Successfully completed galaxy size analysis for 39628039235043398
2025-08-04 22:53:23,711 - INFO - Successfully processed galaxy size for 39628039235043398
2025-08-04 22:53:23,711 - INFO - Row 2999 SUCCESS: FITS=True, PanSTARRS=True, Galaxy=True
2025-08-04 22:53:23,711 - INFO - Processed 100 items, running garbage collection...
2025-08-04 22:53:25,169 - INFO - Saving intermediate results at item 100
2025-08-04 22:53:25,172 - INFO - Saved 94 results to data/e-inspire2/results_i_7411_2900_temp.csv
2025-08-04 22:53:25,180 - INFO - Saved 97 Pan-STARRS entries to data/e-inspire2/panstarrs_results_7411_2900_temp.csv
2025-08-04 22:53:25,182 - INFO - Saved processing log with 100 entries to data/processing_logs/processing_log_7411_2900_temp.csv
2025-08-04 22:53:25,183 - INFO - Processing complete!
2025-08-04 22:53:25,186 - INFO - Final save: 94 results to data/e-inspire2/results_i_7411_2900.csv
2025-08-04 22:53:25,198 - INFO - Final save: 97 Pan-STARRS entries to data/e-inspire2/panstarrs_results_7411_2900.csv
2025-08-04 22:53:25,208 - INFO - Final save: processing log with 100 entries to processing_log_7411_2900.csv
2025-08-04 22:53:26,658 - INFO - ============================================================
2025-08-04 22:53:26,659 - INFO - PROCESSING SUMMARY
2025-08-04 22:53:26,659 - INFO - ============================================================
2025-08-04 22:53:26,659 - INFO - Total rows attempted: 100
2025-08-04 22:53:26,660 - INFO - Successful galaxy size results: 94
2025-08-04 22:53:26,660 - INFO - Successful Pan-STARRS results: 110
2025-08-04 22:53:26,660 - INFO - Results shape: (94, 16)
2025-08-04 22:53:26,660 - INFO - Pan-STARRS shape: (110, 41)
2025-08-04 22:53:26,661 - INFO - Failed processing: 6 out of 100 (6.0%)
2025-08-04 22:53:26,661 - INFO - Success rate: 94.0%
2025-08-04 22:53:26,661 - INFO - Top failure reasons:
2025-08-04 22:53:26,662 - INFO -   Galaxy size processing returned None: 6 occurrences
2025-08-04 22:53:26,663 - INFO - Log file saved as: processing_log_2900_20250804_224955.log
2025-08-04 22:53:26,663 - INFO - Processing pipeline completed!
